64 Tx antennas, 4 users, 4 RF chains, 1 frequency, 0 LoS users, 0 normalize tau
0
Batch 0 processing
F matrix element: tensor([[-0.7752-0.6317j, -0.0000+0.0000j,  0.0000+0.0000j,  0.0000+0.0000j],
        [ 0.5011+0.8654j,  0.0000+0.0000j,  0.0000-0.0000j,  0.0000+0.0000j],
        [-0.9644+0.2645j, -0.0000+0.0000j, -0.0000+0.0000j,  0.0000-0.0000j],
        [-0.9921+0.1254j,  0.0000-0.0000j,  0.0000+0.0000j, -0.0000+0.0000j],
        [ 0.0817-0.9967j, -0.0000+0.0000j,  0.0000+0.0000j,  0.0000+0.0000j],
        [-0.9219+0.3875j,  0.0000+0.0000j,  0.0000-0.0000j, -0.0000+0.0000j],
        [-0.6663+0.7457j, -0.0000+0.0000j,  0.0000-0.0000j,  0.0000+0.0000j],
        [-0.7243-0.6894j,  0.0000+0.0000j,  0.0000+0.0000j,  0.0000+0.0000j],
        [ 0.9125-0.4092j,  0.0000-0.0000j,  0.0000+0.0000j,  0.0000-0.0000j],
        [-0.3522-0.9359j,  0.0000+0.0000j,  0.0000-0.0000j, -0.0000+0.0000j],
        [ 0.5091+0.8607j, -0.0000+0.0000j, -0.0000+0.0000j,  0.0000+0.0000j],
        [-0.3855-0.9227j,  0.0000+0.0000j,  0.0000+0.0000j,  0.0000+0.0000j],
        [ 0.9896+0.1440j,  0.0000-0.0000j, -0.0000+0.0000j, -0.0000+0.0000j],
        [ 0.5150-0.8572j,  0.0000+0.0000j,  0.0000+0.0000j,  0.0000-0.0000j],
        [ 0.4526+0.8917j, -0.0000+0.0000j, -0.0000+0.0000j, -0.0000+0.0000j],
        [-0.4534-0.8913j,  0.0000+0.0000j,  0.0000+0.0000j,  0.0000-0.0000j],
        [ 0.0000+0.0000j, -0.4836+0.8753j,  0.0000-0.0000j, -0.0000+0.0000j],
        [ 0.0000+0.0000j,  0.9911+0.1329j,  0.0000+0.0000j,  0.0000+0.0000j],
        [ 0.0000+0.0000j, -0.9609-0.2769j,  0.0000+0.0000j,  0.0000+0.0000j],
        [ 0.0000-0.0000j,  0.0623-0.9981j,  0.0000+0.0000j,  0.0000+0.0000j],
        [-0.0000+0.0000j,  0.1247+0.9922j, -0.0000+0.0000j,  0.0000-0.0000j],
        [ 0.0000-0.0000j,  0.9875+0.1575j,  0.0000-0.0000j,  0.0000+0.0000j],
        [ 0.0000+0.0000j, -0.9981+0.0608j, -0.0000+0.0000j,  0.0000-0.0000j],
        [ 0.0000-0.0000j,  0.9534+0.3016j,  0.0000-0.0000j,  0.0000+0.0000j],
        [ 0.0000-0.0000j,  0.9817-0.1904j,  0.0000+0.0000j,  0.0000+0.0000j],
        [ 0.0000-0.0000j,  0.9318-0.3629j,  0.0000+0.0000j,  0.0000+0.0000j],
        [ 0.0000+0.0000j, -0.9840-0.1779j, -0.0000+0.0000j,  0.0000-0.0000j],
        [ 0.0000-0.0000j,  0.9771-0.2130j,  0.0000-0.0000j, -0.0000+0.0000j],
        [-0.0000+0.0000j, -0.9956+0.0933j,  0.0000+0.0000j,  0.0000+0.0000j],
        [ 0.0000+0.0000j,  0.9953-0.0972j, -0.0000+0.0000j,  0.0000+0.0000j],
        [ 0.0000+0.0000j, -0.9826+0.1857j,  0.0000+0.0000j,  0.0000-0.0000j],
        [ 0.0000+0.0000j,  0.7331+0.6801j,  0.0000-0.0000j, -0.0000+0.0000j],
        [-0.0000+0.0000j, -0.0000+0.0000j,  0.8255+0.5643j,  0.0000+0.0000j],
        [ 0.0000+0.0000j,  0.0000+0.0000j, -0.7774-0.6289j, -0.0000+0.0000j],
        [-0.0000+0.0000j,  0.0000-0.0000j,  0.9536-0.3010j,  0.0000+0.0000j],
        [ 0.0000+0.0000j, -0.0000+0.0000j,  0.9389-0.3441j,  0.0000+0.0000j],
        [-0.0000+0.0000j,  0.0000-0.0000j, -0.6513+0.7589j,  0.0000-0.0000j],
        [ 0.0000+0.0000j,  0.0000+0.0000j, -0.8765-0.4814j, -0.0000+0.0000j],
        [-0.0000+0.0000j, -0.0000+0.0000j,  0.9702-0.2424j,  0.0000+0.0000j],
        [ 0.0000+0.0000j,  0.0000+0.0000j, -0.7200+0.6939j,  0.0000+0.0000j],
        [-0.0000+0.0000j,  0.0000-0.0000j,  0.7209+0.6931j,  0.0000+0.0000j],
        [ 0.0000+0.0000j,  0.0000+0.0000j,  0.8933-0.4494j,  0.0000-0.0000j],
        [-0.0000+0.0000j,  0.0000+0.0000j,  0.0842+0.9964j, -0.0000+0.0000j],
        [ 0.0000+0.0000j,  0.0000+0.0000j,  0.1401-0.9901j,  0.0000+0.0000j],
        [-0.0000+0.0000j,  0.0000-0.0000j, -0.8320-0.5547j,  0.0000-0.0000j],
        [ 0.0000+0.0000j,  0.0000+0.0000j,  0.8144-0.5803j, -0.0000+0.0000j],
        [-0.0000+0.0000j,  0.0000+0.0000j, -0.3928+0.9196j,  0.0000+0.0000j],
        [-0.0000+0.0000j, -0.0000+0.0000j,  0.7330-0.6802j,  0.0000+0.0000j],
        [ 0.0000-0.0000j,  0.0000-0.0000j,  0.0000-0.0000j, -0.7225-0.6913j],
        [ 0.0000+0.0000j,  0.0000+0.0000j,  0.0000+0.0000j,  0.9880-0.1545j],
        [ 0.0000+0.0000j,  0.0000+0.0000j, -0.0000+0.0000j, -0.5142-0.8577j],
        [ 0.0000-0.0000j, -0.0000+0.0000j,  0.0000+0.0000j, -0.6378+0.7702j],
        [ 0.0000-0.0000j,  0.0000+0.0000j,  0.0000-0.0000j,  0.9636+0.2675j],
        [ 0.0000+0.0000j, -0.0000+0.0000j,  0.0000+0.0000j,  0.1866-0.9824j],
        [ 0.0000+0.0000j,  0.0000-0.0000j,  0.0000-0.0000j, -0.8992-0.4375j],
        [ 0.0000+0.0000j, -0.0000+0.0000j,  0.0000+0.0000j, -0.4790+0.8778j],
        [ 0.0000-0.0000j,  0.0000-0.0000j,  0.0000+0.0000j,  0.8860+0.4636j],
        [ 0.0000+0.0000j, -0.0000+0.0000j,  0.0000+0.0000j,  0.9741-0.2261j],
        [ 0.0000+0.0000j,  0.0000+0.0000j,  0.0000-0.0000j,  0.5497-0.8353j],
        [ 0.0000+0.0000j,  0.0000+0.0000j,  0.0000+0.0000j, -0.7768-0.6297j],
        [-0.0000+0.0000j,  0.0000-0.0000j,  0.0000-0.0000j, -0.6667+0.7453j],
        [-0.0000+0.0000j, -0.0000+0.0000j,  0.0000+0.0000j, -0.5755+0.8178j],
        [ 0.0000+0.0000j,  0.0000+0.0000j,  0.0000-0.0000j,  0.4664+0.8846j],
        [ 0.0000+0.0000j,  0.0000-0.0000j, -0.0000+0.0000j,  0.9780-0.2088j]],
       dtype=torch.complex128)
F matrix element: tensor([[-0.7758-0.6311j,  0.0000+0.0000j,  0.0000+0.0000j,  0.0000+0.0000j],
        [ 0.5011+0.8649j,  0.0000+0.0000j,  0.0000+0.0000j,  0.0000+0.0000j],
        [-0.9647+0.2653j,  0.0000+0.0000j,  0.0000+0.0000j,  0.0000+0.0000j],
        [-0.9916+0.1259j,  0.0000+0.0000j,  0.0000+0.0000j, -0.0000+0.0000j],
        [ 0.0810-0.9963j,  0.0000+0.0000j,  0.0000+0.0000j,  0.0000+0.0000j],
        [-0.9207+0.3867j,  0.0000+0.0000j,  0.0000+0.0000j,  0.0000+0.0000j],
        [-0.6658+0.7455j, -0.0000+0.0000j,  0.0000+0.0000j,  0.0000+0.0000j],
        [-0.7252-0.6901j,  0.0000+0.0000j,  0.0000+0.0000j,  0.0000+0.0000j],
        [ 0.9116-0.4093j,  0.0000+0.0000j,  0.0000+0.0000j,  0.0000+0.0000j],
        [-0.3507-0.9364j,  0.0000+0.0000j,  0.0000+0.0000j, -0.0000+0.0000j],
        [ 0.5086+0.8610j, -0.0000+0.0000j,  0.0000+0.0000j,  0.0000+0.0000j],
        [-0.3868-0.9233j,  0.0000+0.0000j,  0.0000+0.0000j,  0.0000+0.0000j],
        [ 0.9902+0.1443j,  0.0000+0.0000j,  0.0000+0.0000j,  0.0000+0.0000j],
        [ 0.5165-0.8575j,  0.0000+0.0000j,  0.0000+0.0000j,  0.0000+0.0000j],
        [ 0.4530+0.8930j,  0.0000+0.0000j,  0.0000+0.0000j,  0.0000+0.0000j],
        [-0.4547-0.8920j,  0.0000+0.0000j,  0.0000+0.0000j,  0.0000+0.0000j],
        [ 0.0000+0.0000j, -0.4831+0.8747j,  0.0000+0.0000j, -0.0000+0.0000j],
        [ 0.0000+0.0000j,  0.9913+0.1329j,  0.0000+0.0000j,  0.0000+0.0000j],
        [ 0.0000+0.0000j, -0.9602-0.2771j,  0.0000+0.0000j,  0.0000+0.0000j],
        [ 0.0000+0.0000j,  0.0623-0.9969j,  0.0000+0.0000j,  0.0000+0.0000j],
        [ 0.0000+0.0000j,  0.1253+0.9920j,  0.0000+0.0000j,  0.0000+0.0000j],
        [ 0.0000+0.0000j,  0.9868+0.1575j,  0.0000+0.0000j,  0.0000+0.0000j],
        [ 0.0000+0.0000j, -0.9976+0.0605j,  0.0000+0.0000j,  0.0000+0.0000j],
        [ 0.0000+0.0000j,  0.9527+0.3025j,  0.0000+0.0000j,  0.0000+0.0000j],
        [ 0.0000+0.0000j,  0.9814-0.1899j,  0.0000+0.0000j,  0.0000+0.0000j],
        [ 0.0000+0.0000j,  0.9312-0.3624j,  0.0000+0.0000j,  0.0000+0.0000j],
        [ 0.0000+0.0000j, -0.9830-0.1782j,  0.0000+0.0000j,  0.0000+0.0000j],
        [ 0.0000+0.0000j,  0.9761-0.2133j,  0.0000+0.0000j,  0.0000+0.0000j],
        [-0.0000+0.0000j, -0.9957+0.0938j,  0.0000+0.0000j,  0.0000+0.0000j],
        [ 0.0000+0.0000j,  0.9946-0.0974j, -0.0000+0.0000j,  0.0000+0.0000j],
        [ 0.0000+0.0000j, -0.9818+0.1859j,  0.0000+0.0000j,  0.0000+0.0000j],
        [ 0.0000+0.0000j,  0.7323+0.6796j,  0.0000+0.0000j,  0.0000+0.0000j],
        [-0.0000+0.0000j,  0.0000+0.0000j,  0.8258+0.5643j,  0.0000+0.0000j],
        [ 0.0000+0.0000j,  0.0000+0.0000j, -0.7782-0.6293j,  0.0000+0.0000j],
        [-0.0000+0.0000j,  0.0000+0.0000j,  0.9535-0.3009j,  0.0000+0.0000j],
        [ 0.0000+0.0000j,  0.0000+0.0000j,  0.9395-0.3440j,  0.0000+0.0000j],
        [ 0.0000+0.0000j,  0.0000+0.0000j, -0.6516+0.7594j,  0.0000+0.0000j],
        [ 0.0000+0.0000j,  0.0000+0.0000j, -0.8765-0.4810j,  0.0000+0.0000j],
        [ 0.0000+0.0000j, -0.0000+0.0000j,  0.9706-0.2428j,  0.0000+0.0000j],
        [ 0.0000+0.0000j,  0.0000+0.0000j, -0.7198+0.6936j,  0.0000+0.0000j],
        [-0.0000+0.0000j,  0.0000+0.0000j,  0.7206+0.6935j,  0.0000+0.0000j],
        [ 0.0000+0.0000j,  0.0000+0.0000j,  0.8931-0.4490j,  0.0000+0.0000j],
        [ 0.0000+0.0000j,  0.0000+0.0000j,  0.0840+0.9963j,  0.0000+0.0000j],
        [ 0.0000+0.0000j,  0.0000+0.0000j,  0.1398-0.9899j,  0.0000+0.0000j],
        [-0.0000+0.0000j,  0.0000+0.0000j, -0.8318-0.5540j,  0.0000+0.0000j],
        [ 0.0000+0.0000j,  0.0000+0.0000j,  0.8149-0.5809j,  0.0000+0.0000j],
        [ 0.0000+0.0000j,  0.0000+0.0000j, -0.3931+0.9196j,  0.0000+0.0000j],
        [-0.0000+0.0000j, -0.0000+0.0000j,  0.7333-0.6802j,  0.0000+0.0000j],
        [ 0.0000+0.0000j,  0.0000+0.0000j,  0.0000+0.0000j, -0.7226-0.6915j],
        [ 0.0000+0.0000j,  0.0000+0.0000j,  0.0000+0.0000j,  0.9886-0.1541j],
        [ 0.0000+0.0000j,  0.0000+0.0000j,  0.0000+0.0000j, -0.5140-0.8580j],
        [ 0.0000+0.0000j,  0.0000+0.0000j,  0.0000+0.0000j, -0.6385+0.7706j],
        [ 0.0000+0.0000j,  0.0000+0.0000j,  0.0000+0.0000j,  0.9644+0.2668j],
        [ 0.0000+0.0000j,  0.0000+0.0000j,  0.0000+0.0000j,  0.1867-0.9827j],
        [ 0.0000+0.0000j,  0.0000+0.0000j,  0.0000+0.0000j, -0.8997-0.4375j],
        [ 0.0000+0.0000j,  0.0000+0.0000j,  0.0000+0.0000j, -0.4796+0.8784j],
        [ 0.0000+0.0000j,  0.0000+0.0000j,  0.0000+0.0000j,  0.8863+0.4631j],
        [ 0.0000+0.0000j,  0.0000+0.0000j,  0.0000+0.0000j,  0.9739-0.2253j],
        [ 0.0000+0.0000j,  0.0000+0.0000j,  0.0000+0.0000j,  0.5507-0.8354j],
        [ 0.0000+0.0000j,  0.0000+0.0000j,  0.0000+0.0000j, -0.7772-0.6303j],
        [ 0.0000+0.0000j,  0.0000+0.0000j,  0.0000+0.0000j, -0.6670+0.7450j],
        [ 0.0000+0.0000j, -0.0000+0.0000j,  0.0000+0.0000j, -0.5760+0.8184j],
        [ 0.0000+0.0000j,  0.0000+0.0000j,  0.0000+0.0000j,  0.4673+0.8844j],
        [ 0.0000+0.0000j,  0.0000+0.0000j, -0.0000+0.0000j,  0.9778-0.2090j]],
       dtype=torch.complex128, grad_fn=<SelectBackward0>)
F matrix element: tensor([[-0.7762-0.6304j,  0.0000+0.0000j,  0.0000+0.0000j,  0.0000+0.0000j],
        [ 0.5016+0.8651j,  0.0000+0.0000j,  0.0000+0.0000j,  0.0000+0.0000j],
        [-0.9640+0.2659j,  0.0000+0.0000j,  0.0000+0.0000j,  0.0000+0.0000j],
        [-0.9920+0.1265j,  0.0000+0.0000j,  0.0000+0.0000j,  0.0000+0.0000j],
        [ 0.0805-0.9968j,  0.0000+0.0000j,  0.0000+0.0000j,  0.0000+0.0000j],
        [-0.9221+0.3869j,  0.0000+0.0000j,  0.0000+0.0000j,  0.0000+0.0000j],
        [-0.6660+0.7459j,  0.0000+0.0000j,  0.0000+0.0000j,  0.0000+0.0000j],
        [-0.7245-0.6893j,  0.0000+0.0000j,  0.0000+0.0000j,  0.0000+0.0000j],
        [ 0.9121-0.4100j,  0.0000+0.0000j,  0.0000+0.0000j,  0.0000+0.0000j],
        [-0.3492-0.9370j,  0.0000+0.0000j,  0.0000+0.0000j,  0.0000+0.0000j],
        [ 0.5081+0.8613j,  0.0000+0.0000j,  0.0000+0.0000j,  0.0000+0.0000j],
        [-0.3873-0.9220j,  0.0000+0.0000j,  0.0000+0.0000j,  0.0000+0.0000j],
        [ 0.9895+0.1443j,  0.0000+0.0000j,  0.0000+0.0000j,  0.0000+0.0000j],
        [ 0.5170-0.8560j,  0.0000+0.0000j,  0.0000+0.0000j,  0.0000+0.0000j],
        [ 0.4522+0.8919j,  0.0000+0.0000j,  0.0000+0.0000j,  0.0000+0.0000j],
        [-0.4549-0.8905j,  0.0000+0.0000j,  0.0000+0.0000j,  0.0000+0.0000j],
        [ 0.0000+0.0000j, -0.4834+0.8754j,  0.0000+0.0000j,  0.0000+0.0000j],
        [ 0.0000+0.0000j,  0.9911+0.1328j,  0.0000+0.0000j,  0.0000+0.0000j],
        [ 0.0000+0.0000j, -0.9607-0.2776j,  0.0000+0.0000j,  0.0000+0.0000j],
        [ 0.0000+0.0000j,  0.0625-0.9980j,  0.0000+0.0000j,  0.0000+0.0000j],
        [ 0.0000+0.0000j,  0.1259+0.9920j,  0.0000+0.0000j,  0.0000+0.0000j],
        [ 0.0000+0.0000j,  0.9875+0.1577j,  0.0000+0.0000j,  0.0000+0.0000j],
        [ 0.0000+0.0000j, -0.9982+0.0603j,  0.0000+0.0000j,  0.0000+0.0000j],
        [ 0.0000+0.0000j,  0.9528+0.3036j,  0.0000+0.0000j,  0.0000+0.0000j],
        [ 0.0000+0.0000j,  0.9818-0.1897j,  0.0000+0.0000j,  0.0000+0.0000j],
        [ 0.0000+0.0000j,  0.9320-0.3624j,  0.0000+0.0000j,  0.0000+0.0000j],
        [ 0.0000+0.0000j, -0.9839-0.1787j,  0.0000+0.0000j,  0.0000+0.0000j],
        [ 0.0000+0.0000j,  0.9768-0.2140j,  0.0000+0.0000j,  0.0000+0.0000j],
        [ 0.0000+0.0000j, -0.9956+0.0942j,  0.0000+0.0000j,  0.0000+0.0000j],
        [ 0.0000+0.0000j,  0.9952-0.0978j,  0.0000+0.0000j,  0.0000+0.0000j],
        [ 0.0000+0.0000j, -0.9825+0.1862j,  0.0000+0.0000j,  0.0000+0.0000j],
        [ 0.0000+0.0000j,  0.7328+0.6804j,  0.0000+0.0000j,  0.0000+0.0000j],
        [ 0.0000+0.0000j,  0.0000+0.0000j,  0.8257+0.5640j,  0.0000+0.0000j],
        [ 0.0000+0.0000j,  0.0000+0.0000j, -0.7777-0.6286j,  0.0000+0.0000j],
        [ 0.0000+0.0000j,  0.0000+0.0000j,  0.9537-0.3009j,  0.0000+0.0000j],
        [ 0.0000+0.0000j,  0.0000+0.0000j,  0.9391-0.3437j,  0.0000+0.0000j],
        [ 0.0000+0.0000j,  0.0000+0.0000j, -0.6511+0.7590j,  0.0000+0.0000j],
        [ 0.0000+0.0000j,  0.0000+0.0000j, -0.8768-0.4808j,  0.0000+0.0000j],
        [ 0.0000+0.0000j,  0.0000+0.0000j,  0.9700-0.2430j,  0.0000+0.0000j],
        [ 0.0000+0.0000j,  0.0000+0.0000j, -0.7202+0.6938j,  0.0000+0.0000j],
        [ 0.0000+0.0000j,  0.0000+0.0000j,  0.7202+0.6938j,  0.0000+0.0000j],
        [ 0.0000+0.0000j,  0.0000+0.0000j,  0.8935-0.4490j,  0.0000+0.0000j],
        [ 0.0000+0.0000j,  0.0000+0.0000j,  0.0839+0.9965j,  0.0000+0.0000j],
        [ 0.0000+0.0000j,  0.0000+0.0000j,  0.1396-0.9902j,  0.0000+0.0000j],
        [ 0.0000+0.0000j,  0.0000+0.0000j, -0.8326-0.5539j,  0.0000+0.0000j],
        [ 0.0000+0.0000j,  0.0000+0.0000j,  0.8142-0.5806j,  0.0000+0.0000j],
        [ 0.0000+0.0000j,  0.0000+0.0000j, -0.3934+0.9194j,  0.0000+0.0000j],
        [ 0.0000+0.0000j,  0.0000+0.0000j,  0.7333-0.6799j,  0.0000+0.0000j],
        [ 0.0000+0.0000j,  0.0000+0.0000j,  0.0000+0.0000j, -0.7224-0.6915j],
        [ 0.0000+0.0000j,  0.0000+0.0000j,  0.0000+0.0000j,  0.9882-0.1535j],
        [ 0.0000+0.0000j,  0.0000+0.0000j,  0.0000+0.0000j, -0.5137-0.8580j],
        [ 0.0000+0.0000j,  0.0000+0.0000j,  0.0000+0.0000j, -0.6382+0.7699j],
        [ 0.0000+0.0000j,  0.0000+0.0000j,  0.0000+0.0000j,  0.9640+0.2658j],
        [ 0.0000+0.0000j,  0.0000+0.0000j,  0.0000+0.0000j,  0.1866-0.9824j],
        [ 0.0000+0.0000j,  0.0000+0.0000j,  0.0000+0.0000j, -0.8994-0.4372j],
        [ 0.0000+0.0000j,  0.0000+0.0000j,  0.0000+0.0000j, -0.4794+0.8776j],
        [ 0.0000+0.0000j,  0.0000+0.0000j,  0.0000+0.0000j,  0.8866+0.4626j],
        [ 0.0000+0.0000j,  0.0000+0.0000j,  0.0000+0.0000j,  0.9744-0.2247j],
        [ 0.0000+0.0000j,  0.0000+0.0000j,  0.0000+0.0000j,  0.5511-0.8344j],
        [ 0.0000+0.0000j,  0.0000+0.0000j,  0.0000+0.0000j, -0.7766-0.6300j],
        [ 0.0000+0.0000j,  0.0000+0.0000j,  0.0000+0.0000j, -0.6673+0.7448j],
        [ 0.0000+0.0000j,  0.0000+0.0000j,  0.0000+0.0000j, -0.5756+0.8177j],
        [ 0.0000+0.0000j,  0.0000+0.0000j,  0.0000+0.0000j,  0.4680+0.8837j],
        [ 0.0000+0.0000j,  0.0000+0.0000j,  0.0000+0.0000j,  0.9779-0.2092j]],
       dtype=torch.complex128, grad_fn=<SelectBackward0>)
F matrix element: tensor([[-0.7780-0.6313j,  0.0000+0.0000j,  0.0000+0.0000j,  0.0000+0.0000j],
        [ 0.5015+0.8655j,  0.0000+0.0000j,  0.0000+0.0000j,  0.0000+0.0000j],
        [-0.9647+0.2668j,  0.0000+0.0000j,  0.0000+0.0000j,  0.0000+0.0000j],
        [-0.9908+0.1263j,  0.0000+0.0000j,  0.0000+0.0000j,  0.0000+0.0000j],
        [ 0.0791-0.9967j,  0.0000+0.0000j,  0.0000+0.0000j,  0.0000+0.0000j],
        [-0.9208+0.3876j,  0.0000+0.0000j,  0.0000+0.0000j,  0.0000+0.0000j],
        [-0.6667+0.7456j,  0.0000+0.0000j,  0.0000+0.0000j,  0.0000+0.0000j],
        [-0.7239-0.6895j,  0.0000+0.0000j,  0.0000+0.0000j,  0.0000+0.0000j],
        [ 0.9123-0.4111j,  0.0000+0.0000j,  0.0000+0.0000j,  0.0000+0.0000j],
        [-0.3481-0.9363j,  0.0000+0.0000j,  0.0000+0.0000j,  0.0000+0.0000j],
        [ 0.5059+0.8602j,  0.0000+0.0000j,  0.0000+0.0000j,  0.0000+0.0000j],
        [-0.3867-0.9224j,  0.0000+0.0000j,  0.0000+0.0000j,  0.0000+0.0000j],
        [ 0.9898+0.1428j,  0.0000+0.0000j,  0.0000+0.0000j,  0.0000+0.0000j],
        [ 0.5171-0.8531j,  0.0000+0.0000j,  0.0000+0.0000j,  0.0000+0.0000j],
        [ 0.4515+0.8918j,  0.0000+0.0000j,  0.0000+0.0000j,  0.0000+0.0000j],
        [-0.4540-0.8910j,  0.0000+0.0000j,  0.0000+0.0000j,  0.0000+0.0000j],
        [ 0.0000+0.0000j, -0.4831+0.8750j,  0.0000+0.0000j,  0.0000+0.0000j],
        [ 0.0000+0.0000j,  0.9921+0.1325j,  0.0000+0.0000j,  0.0000+0.0000j],
        [ 0.0000+0.0000j, -0.9610-0.2777j,  0.0000+0.0000j,  0.0000+0.0000j],
        [ 0.0000+0.0000j,  0.0625-0.9970j,  0.0000+0.0000j,  0.0000+0.0000j],
        [ 0.0000+0.0000j,  0.1266+0.9920j,  0.0000+0.0000j,  0.0000+0.0000j],
        [ 0.0000+0.0000j,  0.9872+0.1576j,  0.0000+0.0000j,  0.0000+0.0000j],
        [ 0.0000+0.0000j, -0.9986+0.0604j,  0.0000+0.0000j,  0.0000+0.0000j],
        [ 0.0000+0.0000j,  0.9527+0.3043j,  0.0000+0.0000j,  0.0000+0.0000j],
        [ 0.0000+0.0000j,  0.9817-0.1893j,  0.0000+0.0000j,  0.0000+0.0000j],
        [ 0.0000+0.0000j,  0.9318-0.3621j,  0.0000+0.0000j,  0.0000+0.0000j],
        [ 0.0000+0.0000j, -0.9836-0.1788j,  0.0000+0.0000j,  0.0000+0.0000j],
        [ 0.0000+0.0000j,  0.9763-0.2146j,  0.0000+0.0000j,  0.0000+0.0000j],
        [ 0.0000+0.0000j, -0.9960+0.0950j,  0.0000+0.0000j,  0.0000+0.0000j],
        [ 0.0000+0.0000j,  0.9949-0.0981j,  0.0000+0.0000j,  0.0000+0.0000j],
        [ 0.0000+0.0000j, -0.9822+0.1866j,  0.0000+0.0000j,  0.0000+0.0000j],
        [ 0.0000+0.0000j,  0.7324+0.6800j,  0.0000+0.0000j,  0.0000+0.0000j],
        [ 0.0000+0.0000j,  0.0000+0.0000j,  0.8262+0.5643j,  0.0000+0.0000j],
        [ 0.0000+0.0000j,  0.0000+0.0000j, -0.7785-0.6295j,  0.0000+0.0000j],
        [ 0.0000+0.0000j,  0.0000+0.0000j,  0.9536-0.3008j,  0.0000+0.0000j],
        [ 0.0000+0.0000j,  0.0000+0.0000j,  0.9395-0.3436j,  0.0000+0.0000j],
        [ 0.0000+0.0000j,  0.0000+0.0000j, -0.6514+0.7596j,  0.0000+0.0000j],
        [ 0.0000+0.0000j,  0.0000+0.0000j, -0.8769-0.4809j,  0.0000+0.0000j],
        [ 0.0000+0.0000j,  0.0000+0.0000j,  0.9704-0.2431j,  0.0000+0.0000j],
        [ 0.0000+0.0000j,  0.0000+0.0000j, -0.7200+0.6936j,  0.0000+0.0000j],
        [ 0.0000+0.0000j,  0.0000+0.0000j,  0.7200+0.6941j,  0.0000+0.0000j],
        [ 0.0000+0.0000j,  0.0000+0.0000j,  0.8935-0.4489j,  0.0000+0.0000j],
        [ 0.0000+0.0000j,  0.0000+0.0000j,  0.0840+0.9966j,  0.0000+0.0000j],
        [ 0.0000+0.0000j,  0.0000+0.0000j,  0.1394-0.9902j,  0.0000+0.0000j],
        [ 0.0000+0.0000j,  0.0000+0.0000j, -0.8324-0.5534j,  0.0000+0.0000j],
        [ 0.0000+0.0000j,  0.0000+0.0000j,  0.8147-0.5813j,  0.0000+0.0000j],
        [ 0.0000+0.0000j,  0.0000+0.0000j, -0.3936+0.9195j,  0.0000+0.0000j],
        [ 0.0000+0.0000j,  0.0000+0.0000j,  0.7334-0.6798j,  0.0000+0.0000j],
        [ 0.0000+0.0000j,  0.0000+0.0000j,  0.0000+0.0000j, -0.7223-0.6916j],
        [ 0.0000+0.0000j,  0.0000+0.0000j,  0.0000+0.0000j,  0.9886-0.1533j],
        [ 0.0000+0.0000j,  0.0000+0.0000j,  0.0000+0.0000j, -0.5137-0.8584j],
        [ 0.0000+0.0000j,  0.0000+0.0000j,  0.0000+0.0000j, -0.6388+0.7704j],
        [ 0.0000+0.0000j,  0.0000+0.0000j,  0.0000+0.0000j,  0.9647+0.2656j],
        [ 0.0000+0.0000j,  0.0000+0.0000j,  0.0000+0.0000j,  0.1867-0.9829j],
        [ 0.0000+0.0000j,  0.0000+0.0000j,  0.0000+0.0000j, -0.8998-0.4372j],
        [ 0.0000+0.0000j,  0.0000+0.0000j,  0.0000+0.0000j, -0.4798+0.8782j],
        [ 0.0000+0.0000j,  0.0000+0.0000j,  0.0000+0.0000j,  0.8869+0.4623j],
        [ 0.0000+0.0000j,  0.0000+0.0000j,  0.0000+0.0000j,  0.9746-0.2244j],
        [ 0.0000+0.0000j,  0.0000+0.0000j,  0.0000+0.0000j,  0.5518-0.8347j],
        [ 0.0000+0.0000j,  0.0000+0.0000j,  0.0000+0.0000j, -0.7773-0.6306j],
        [ 0.0000+0.0000j,  0.0000+0.0000j,  0.0000+0.0000j, -0.6676+0.7449j],
        [ 0.0000+0.0000j,  0.0000+0.0000j,  0.0000+0.0000j, -0.5758+0.8181j],
        [ 0.0000+0.0000j,  0.0000+0.0000j,  0.0000+0.0000j,  0.4684+0.8839j],
        [ 0.0000+0.0000j,  0.0000+0.0000j,  0.0000+0.0000j,  0.9781-0.2093j]],
       dtype=torch.complex128, grad_fn=<SelectBackward0>)
1
Batch 0 processing
F matrix element: tensor([[-0.8431-0.5377j, -0.0000+0.0000j,  0.0000+0.0000j,  0.0000+0.0000j],
        [ 0.6835+0.7299j,  0.0000+0.0000j,  0.0000+0.0000j,  0.0000-0.0000j],
        [ 0.1911-0.9816j,  0.0000+0.0000j,  0.0000+0.0000j, -0.0000+0.0000j],
        [-0.3086+0.9512j,  0.0000-0.0000j,  0.0000-0.0000j, -0.0000+0.0000j],
        [ 0.7036-0.7106j,  0.0000+0.0000j,  0.0000+0.0000j,  0.0000+0.0000j],
        [-0.0704+0.9975j, -0.0000+0.0000j, -0.0000+0.0000j,  0.0000+0.0000j],
        [-0.8189-0.5740j, -0.0000+0.0000j,  0.0000+0.0000j, -0.0000+0.0000j],
        [ 0.5709+0.8210j,  0.0000+0.0000j,  0.0000+0.0000j,  0.0000-0.0000j],
        [-0.4965-0.8680j,  0.0000+0.0000j,  0.0000+0.0000j,  0.0000+0.0000j],
        [ 0.6171-0.7869j,  0.0000-0.0000j,  0.0000-0.0000j,  0.0000+0.0000j],
        [ 0.9466-0.3223j,  0.0000+0.0000j,  0.0000+0.0000j, -0.0000+0.0000j],
        [ 0.9556+0.2947j, -0.0000+0.0000j,  0.0000+0.0000j,  0.0000-0.0000j],
        [-0.9876+0.1570j,  0.0000+0.0000j, -0.0000+0.0000j,  0.0000+0.0000j],
        [ 0.8452+0.5344j,  0.0000-0.0000j,  0.0000+0.0000j, -0.0000+0.0000j],
        [-0.9876-0.1569j, -0.0000+0.0000j, -0.0000+0.0000j,  0.0000+0.0000j],
        [ 0.8895-0.4569j,  0.0000+0.0000j,  0.0000+0.0000j,  0.0000+0.0000j],
        [ 0.0000+0.0000j,  0.8257+0.5641j,  0.0000-0.0000j, -0.0000+0.0000j],
        [ 0.0000-0.0000j,  0.5159-0.8567j,  0.0000+0.0000j,  0.0000+0.0000j],
        [ 0.0000+0.0000j,  0.2804+0.9599j, -0.0000+0.0000j,  0.0000-0.0000j],
        [ 0.0000+0.0000j, -0.5190-0.8547j,  0.0000+0.0000j,  0.0000+0.0000j],
        [ 0.0000-0.0000j, -0.6783+0.7347j, -0.0000+0.0000j, -0.0000+0.0000j],
        [ 0.0000+0.0000j, -0.9313-0.3643j,  0.0000+0.0000j, -0.0000+0.0000j],
        [ 0.0000-0.0000j,  0.9850-0.1724j, -0.0000+0.0000j, -0.0000+0.0000j],
        [ 0.0000-0.0000j,  0.5815-0.8135j,  0.0000+0.0000j,  0.0000+0.0000j],
        [ 0.0000+0.0000j, -0.8903+0.4554j, -0.0000+0.0000j,  0.0000-0.0000j],
        [ 0.0000-0.0000j,  0.9220+0.3872j,  0.0000+0.0000j, -0.0000+0.0000j],
        [ 0.0000-0.0000j,  0.1008+0.9949j,  0.0000+0.0000j,  0.0000+0.0000j],
        [ 0.0000+0.0000j, -0.3574-0.9339j,  0.0000+0.0000j,  0.0000+0.0000j],
        [ 0.0000-0.0000j,  0.9971+0.0764j, -0.0000+0.0000j,  0.0000-0.0000j],
        [ 0.0000+0.0000j, -0.5094-0.8605j,  0.0000+0.0000j, -0.0000+0.0000j],
        [ 0.0000+0.0000j,  0.4268+0.9044j, -0.0000+0.0000j,  0.0000-0.0000j],
        [ 0.0000+0.0000j,  0.9898+0.1422j,  0.0000+0.0000j,  0.0000+0.0000j],
        [-0.0000+0.0000j, -0.0000+0.0000j, -0.5012+0.8653j, -0.0000+0.0000j],
        [ 0.0000+0.0000j,  0.0000-0.0000j,  0.8645-0.5027j, -0.0000+0.0000j],
        [ 0.0000-0.0000j, -0.0000+0.0000j, -0.9959+0.0904j,  0.0000+0.0000j],
        [ 0.0000+0.0000j,  0.0000-0.0000j,  0.8164-0.5775j,  0.0000+0.0000j],
        [ 0.0000-0.0000j,  0.0000+0.0000j, -0.8897+0.4566j,  0.0000+0.0000j],
        [ 0.0000+0.0000j,  0.0000+0.0000j,  0.4730+0.8811j,  0.0000-0.0000j],
        [ 0.0000-0.0000j, -0.0000+0.0000j, -0.7119-0.7022j,  0.0000-0.0000j],
        [ 0.0000+0.0000j, -0.0000+0.0000j,  0.8593+0.5114j,  0.0000+0.0000j],
        [ 0.0000-0.0000j,  0.0000+0.0000j, -0.9787+0.2053j,  0.0000-0.0000j],
        [ 0.0000+0.0000j,  0.0000+0.0000j,  0.5965-0.8026j,  0.0000+0.0000j],
        [ 0.0000-0.0000j, -0.0000+0.0000j, -0.5962+0.8029j, -0.0000+0.0000j],
        [ 0.0000+0.0000j,  0.0000+0.0000j, -0.6326-0.7745j,  0.0000+0.0000j],
        [ 0.0000+0.0000j,  0.0000+0.0000j, -0.5683+0.8228j, -0.0000+0.0000j],
        [ 0.0000+0.0000j, -0.0000+0.0000j,  0.9696+0.2447j,  0.0000+0.0000j],
        [ 0.0000-0.0000j,  0.0000+0.0000j, -0.8468+0.5319j, -0.0000+0.0000j],
        [-0.0000+0.0000j,  0.0000+0.0000j,  0.8096-0.5870j, -0.0000+0.0000j],
        [ 0.0000-0.0000j,  0.0000-0.0000j,  0.0000-0.0000j,  0.7870-0.6169j],
        [ 0.0000-0.0000j,  0.0000+0.0000j,  0.0000+0.0000j,  0.2051+0.9787j],
        [ 0.0000+0.0000j,  0.0000+0.0000j,  0.0000-0.0000j, -0.8293-0.5588j],
        [ 0.0000-0.0000j,  0.0000+0.0000j,  0.0000+0.0000j, -0.9926+0.1211j],
        [ 0.0000+0.0000j,  0.0000+0.0000j,  0.0000-0.0000j, -0.0213-0.9998j],
        [-0.0000+0.0000j, -0.0000+0.0000j,  0.0000+0.0000j,  0.7539+0.6569j],
        [ 0.0000+0.0000j,  0.0000-0.0000j,  0.0000-0.0000j, -0.9493-0.3143j],
        [-0.0000+0.0000j,  0.0000+0.0000j, -0.0000+0.0000j, -0.9574-0.2886j],
        [ 0.0000+0.0000j,  0.0000+0.0000j,  0.0000+0.0000j,  0.5273+0.8497j],
        [ 0.0000+0.0000j,  0.0000+0.0000j,  0.0000+0.0000j,  0.9999-0.0158j],
        [ 0.0000+0.0000j,  0.0000-0.0000j,  0.0000+0.0000j,  0.6540-0.7565j],
        [ 0.0000+0.0000j, -0.0000+0.0000j,  0.0000-0.0000j, -0.5745-0.8185j],
        [ 0.0000+0.0000j, -0.0000+0.0000j,  0.0000+0.0000j,  0.3733+0.9277j],
        [-0.0000+0.0000j,  0.0000+0.0000j, -0.0000+0.0000j, -0.5670+0.8237j],
        [ 0.0000-0.0000j,  0.0000+0.0000j,  0.0000+0.0000j,  0.1772-0.9842j],
        [-0.0000+0.0000j,  0.0000-0.0000j,  0.0000-0.0000j, -0.6120+0.7909j]],
       dtype=torch.complex128)
F matrix element: tensor([[-0.8492-0.5423j,  0.0000+0.0000j,  0.0000+0.0000j,  0.0000+0.0000j],
        [ 0.6885+0.7349j,  0.0000+0.0000j,  0.0000+0.0000j,  0.0000+0.0000j],
        [ 0.1924-0.9879j,  0.0000+0.0000j,  0.0000+0.0000j, -0.0000+0.0000j],
        [-0.3113+0.9600j,  0.0000+0.0000j,  0.0000+0.0000j, -0.0000+0.0000j],
        [ 0.7091-0.7165j,  0.0000+0.0000j,  0.0000+0.0000j,  0.0000+0.0000j],
        [-0.0700+1.0055j,  0.0000+0.0000j, -0.0000+0.0000j,  0.0000+0.0000j],
        [-0.8242-0.5784j,  0.0000+0.0000j,  0.0000+0.0000j,  0.0000+0.0000j],
        [ 0.5731+0.8268j,  0.0000+0.0000j,  0.0000+0.0000j,  0.0000+0.0000j],
        [-0.4997-0.8745j,  0.0000+0.0000j,  0.0000+0.0000j,  0.0000+0.0000j],
        [ 0.6227-0.7933j,  0.0000+0.0000j,  0.0000+0.0000j,  0.0000+0.0000j],
        [ 0.9522-0.3245j,  0.0000+0.0000j,  0.0000+0.0000j, -0.0000+0.0000j],
        [ 0.9608+0.2953j,  0.0000+0.0000j,  0.0000+0.0000j,  0.0000+0.0000j],
        [-0.9940+0.1596j,  0.0000+0.0000j, -0.0000+0.0000j,  0.0000+0.0000j],
        [ 0.8525+0.5384j,  0.0000+0.0000j,  0.0000+0.0000j,  0.0000+0.0000j],
        [-0.9943-0.1583j,  0.0000+0.0000j,  0.0000+0.0000j,  0.0000+0.0000j],
        [ 0.8964-0.4604j,  0.0000+0.0000j,  0.0000+0.0000j,  0.0000+0.0000j],
        [ 0.0000+0.0000j,  0.8255+0.5618j,  0.0000+0.0000j, -0.0000+0.0000j],
        [ 0.0000+0.0000j,  0.5125-0.8521j,  0.0000+0.0000j,  0.0000+0.0000j],
        [ 0.0000+0.0000j,  0.2849+0.9539j,  0.0000+0.0000j,  0.0000+0.0000j],
        [ 0.0000+0.0000j, -0.5175-0.8492j,  0.0000+0.0000j,  0.0000+0.0000j],
        [ 0.0000+0.0000j, -0.6772+0.7301j,  0.0000+0.0000j,  0.0000+0.0000j],
        [ 0.0000+0.0000j, -0.9281-0.3605j,  0.0000+0.0000j,  0.0000+0.0000j],
        [ 0.0000+0.0000j,  0.9832-0.1749j,  0.0000+0.0000j,  0.0000+0.0000j],
        [ 0.0000+0.0000j,  0.5843-0.8072j,  0.0000+0.0000j,  0.0000+0.0000j],
        [ 0.0000+0.0000j, -0.8881+0.4489j, -0.0000+0.0000j,  0.0000+0.0000j],
        [ 0.0000+0.0000j,  0.9201+0.3862j,  0.0000+0.0000j, -0.0000+0.0000j],
        [ 0.0000+0.0000j,  0.0977+0.9938j,  0.0000+0.0000j,  0.0000+0.0000j],
        [ 0.0000+0.0000j, -0.3557-0.9294j,  0.0000+0.0000j,  0.0000+0.0000j],
        [ 0.0000+0.0000j,  0.9968+0.0740j,  0.0000+0.0000j,  0.0000+0.0000j],
        [ 0.0000+0.0000j, -0.5054-0.8560j,  0.0000+0.0000j,  0.0000+0.0000j],
        [ 0.0000+0.0000j,  0.4268+0.8961j, -0.0000+0.0000j,  0.0000+0.0000j],
        [ 0.0000+0.0000j,  0.9862+0.1473j,  0.0000+0.0000j,  0.0000+0.0000j],
        [-0.0000+0.0000j,  0.0000+0.0000j, -0.5002+0.8646j, -0.0000+0.0000j],
        [ 0.0000+0.0000j,  0.0000+0.0000j,  0.8592-0.5021j,  0.0000+0.0000j],
        [ 0.0000+0.0000j,  0.0000+0.0000j, -0.9943+0.0908j,  0.0000+0.0000j],
        [ 0.0000+0.0000j,  0.0000+0.0000j,  0.8148-0.5747j,  0.0000+0.0000j],
        [ 0.0000+0.0000j,  0.0000+0.0000j, -0.8859+0.4537j,  0.0000+0.0000j],
        [ 0.0000+0.0000j,  0.0000+0.0000j,  0.4700+0.8774j,  0.0000+0.0000j],
        [ 0.0000+0.0000j,  0.0000+0.0000j, -0.7092-0.7005j,  0.0000+0.0000j],
        [ 0.0000+0.0000j,  0.0000+0.0000j,  0.8563+0.5154j,  0.0000+0.0000j],
        [ 0.0000+0.0000j,  0.0000+0.0000j, -0.9749+0.2028j,  0.0000+0.0000j],
        [ 0.0000+0.0000j,  0.0000+0.0000j,  0.5935-0.8025j,  0.0000+0.0000j],
        [ 0.0000+0.0000j,  0.0000+0.0000j, -0.5943+0.8017j, -0.0000+0.0000j],
        [ 0.0000+0.0000j,  0.0000+0.0000j, -0.6348-0.7719j,  0.0000+0.0000j],
        [ 0.0000+0.0000j,  0.0000+0.0000j, -0.5668+0.8207j, -0.0000+0.0000j],
        [ 0.0000+0.0000j,  0.0000+0.0000j,  0.9698+0.2462j,  0.0000+0.0000j],
        [ 0.0000+0.0000j,  0.0000+0.0000j, -0.8441+0.5300j, -0.0000+0.0000j],
        [-0.0000+0.0000j,  0.0000+0.0000j,  0.8072-0.5874j,  0.0000+0.0000j],
        [ 0.0000+0.0000j,  0.0000+0.0000j,  0.0000+0.0000j,  0.7899-0.6190j],
        [ 0.0000+0.0000j,  0.0000+0.0000j,  0.0000+0.0000j,  0.2081+0.9819j],
        [ 0.0000+0.0000j,  0.0000+0.0000j,  0.0000+0.0000j, -0.8349-0.5592j],
        [ 0.0000+0.0000j,  0.0000+0.0000j,  0.0000+0.0000j, -0.9960+0.1195j],
        [ 0.0000+0.0000j,  0.0000+0.0000j,  0.0000+0.0000j, -0.0212-1.0029j],
        [ 0.0000+0.0000j, -0.0000+0.0000j,  0.0000+0.0000j,  0.7569+0.6587j],
        [ 0.0000+0.0000j,  0.0000+0.0000j,  0.0000+0.0000j, -0.9529-0.3164j],
        [-0.0000+0.0000j,  0.0000+0.0000j,  0.0000+0.0000j, -0.9596-0.2890j],
        [ 0.0000+0.0000j,  0.0000+0.0000j,  0.0000+0.0000j,  0.5291+0.8535j],
        [ 0.0000+0.0000j,  0.0000+0.0000j,  0.0000+0.0000j,  1.0009-0.0153j],
        [ 0.0000+0.0000j,  0.0000+0.0000j,  0.0000+0.0000j,  0.6559-0.7583j],
        [ 0.0000+0.0000j,  0.0000+0.0000j,  0.0000+0.0000j, -0.5782-0.8211j],
        [ 0.0000+0.0000j, -0.0000+0.0000j,  0.0000+0.0000j,  0.3714+0.9302j],
        [-0.0000+0.0000j,  0.0000+0.0000j,  0.0000+0.0000j, -0.5692+0.8280j],
        [ 0.0000+0.0000j,  0.0000+0.0000j,  0.0000+0.0000j,  0.1782-0.9881j],
        [-0.0000+0.0000j,  0.0000+0.0000j,  0.0000+0.0000j, -0.6137+0.7939j]],
       dtype=torch.complex128, grad_fn=<SelectBackward0>)
F matrix element: tensor([[-0.8425-0.5387j,  0.0000+0.0000j,  0.0000+0.0000j,  0.0000+0.0000j],
        [ 0.6839+0.7295j,  0.0000+0.0000j,  0.0000+0.0000j,  0.0000+0.0000j],
        [ 0.1912-0.9816j,  0.0000+0.0000j,  0.0000+0.0000j,  0.0000+0.0000j],
        [-0.3083+0.9513j,  0.0000+0.0000j,  0.0000+0.0000j,  0.0000+0.0000j],
        [ 0.7033-0.7109j,  0.0000+0.0000j,  0.0000+0.0000j,  0.0000+0.0000j],
        [-0.0685+0.9977j,  0.0000+0.0000j,  0.0000+0.0000j,  0.0000+0.0000j],
        [-0.8183-0.5748j,  0.0000+0.0000j,  0.0000+0.0000j,  0.0000+0.0000j],
        [ 0.5685+0.8227j,  0.0000+0.0000j,  0.0000+0.0000j,  0.0000+0.0000j],
        [-0.4958-0.8685j,  0.0000+0.0000j,  0.0000+0.0000j,  0.0000+0.0000j],
        [ 0.6178-0.7863j,  0.0000+0.0000j,  0.0000+0.0000j,  0.0000+0.0000j],
        [ 0.9465-0.3228j,  0.0000+0.0000j,  0.0000+0.0000j,  0.0000+0.0000j],
        [ 0.9562+0.2929j,  0.0000+0.0000j,  0.0000+0.0000j,  0.0000+0.0000j],
        [-0.9871+0.1600j,  0.0000+0.0000j,  0.0000+0.0000j,  0.0000+0.0000j],
        [ 0.8458+0.5335j,  0.0000+0.0000j,  0.0000+0.0000j,  0.0000+0.0000j],
        [-0.9875-0.1575j,  0.0000+0.0000j,  0.0000+0.0000j,  0.0000+0.0000j],
        [ 0.8895-0.4569j,  0.0000+0.0000j,  0.0000+0.0000j,  0.0000+0.0000j],
        [ 0.0000+0.0000j,  0.8278+0.5611j,  0.0000+0.0000j,  0.0000+0.0000j],
        [ 0.0000+0.0000j,  0.5150-0.8572j,  0.0000+0.0000j,  0.0000+0.0000j],
        [ 0.0000+0.0000j,  0.2919+0.9564j,  0.0000+0.0000j,  0.0000+0.0000j],
        [ 0.0000+0.0000j, -0.5217-0.8532j,  0.0000+0.0000j,  0.0000+0.0000j],
        [ 0.0000+0.0000j, -0.6818+0.7316j,  0.0000+0.0000j,  0.0000+0.0000j],
        [ 0.0000+0.0000j, -0.9330-0.3598j,  0.0000+0.0000j,  0.0000+0.0000j],
        [ 0.0000+0.0000j,  0.9841-0.1778j,  0.0000+0.0000j,  0.0000+0.0000j],
        [ 0.0000+0.0000j,  0.5912-0.8065j,  0.0000+0.0000j,  0.0000+0.0000j],
        [ 0.0000+0.0000j, -0.8946+0.4468j,  0.0000+0.0000j,  0.0000+0.0000j],
        [ 0.0000+0.0000j,  0.9221+0.3870j,  0.0000+0.0000j,  0.0000+0.0000j],
        [ 0.0000+0.0000j,  0.0950+0.9955j,  0.0000+0.0000j,  0.0000+0.0000j],
        [ 0.0000+0.0000j, -0.3574-0.9339j,  0.0000+0.0000j,  0.0000+0.0000j],
        [ 0.0000+0.0000j,  0.9974+0.0716j,  0.0000+0.0000j,  0.0000+0.0000j],
        [ 0.0000+0.0000j, -0.5074-0.8617j,  0.0000+0.0000j,  0.0000+0.0000j],
        [ 0.0000+0.0000j,  0.4332+0.9013j,  0.0000+0.0000j,  0.0000+0.0000j],
        [ 0.0000+0.0000j,  0.9882+0.1532j,  0.0000+0.0000j,  0.0000+0.0000j],
        [ 0.0000+0.0000j,  0.0000+0.0000j, -0.5003+0.8659j,  0.0000+0.0000j],
        [ 0.0000+0.0000j,  0.0000+0.0000j,  0.8623-0.5063j,  0.0000+0.0000j],
        [ 0.0000+0.0000j,  0.0000+0.0000j, -0.9958+0.0915j,  0.0000+0.0000j],
        [ 0.0000+0.0000j,  0.0000+0.0000j,  0.8180-0.5753j,  0.0000+0.0000j],
        [ 0.0000+0.0000j,  0.0000+0.0000j, -0.8905+0.4551j,  0.0000+0.0000j],
        [ 0.0000+0.0000j,  0.0000+0.0000j,  0.4715+0.8819j,  0.0000+0.0000j],
        [ 0.0000+0.0000j,  0.0000+0.0000j, -0.7110-0.7032j,  0.0000+0.0000j],
        [ 0.0000+0.0000j,  0.0000+0.0000j,  0.8542+0.5200j,  0.0000+0.0000j],
        [ 0.0000+0.0000j,  0.0000+0.0000j, -0.9794+0.2020j,  0.0000+0.0000j],
        [ 0.0000+0.0000j,  0.0000+0.0000j,  0.5927-0.8054j,  0.0000+0.0000j],
        [ 0.0000+0.0000j,  0.0000+0.0000j, -0.5948+0.8039j,  0.0000+0.0000j],
        [ 0.0000+0.0000j,  0.0000+0.0000j, -0.6378-0.7702j,  0.0000+0.0000j],
        [ 0.0000+0.0000j,  0.0000+0.0000j, -0.5682+0.8229j,  0.0000+0.0000j],
        [ 0.0000+0.0000j,  0.0000+0.0000j,  0.9689+0.2475j,  0.0000+0.0000j],
        [ 0.0000+0.0000j,  0.0000+0.0000j, -0.8470+0.5316j,  0.0000+0.0000j],
        [ 0.0000+0.0000j,  0.0000+0.0000j,  0.8075-0.5898j,  0.0000+0.0000j],
        [ 0.0000+0.0000j,  0.0000+0.0000j,  0.0000+0.0000j,  0.7872-0.6167j],
        [ 0.0000+0.0000j,  0.0000+0.0000j,  0.0000+0.0000j,  0.2095+0.9778j],
        [ 0.0000+0.0000j,  0.0000+0.0000j,  0.0000+0.0000j, -0.8324-0.5542j],
        [ 0.0000+0.0000j,  0.0000+0.0000j,  0.0000+0.0000j, -0.9931+0.1170j],
        [ 0.0000+0.0000j,  0.0000+0.0000j,  0.0000+0.0000j, -0.0211-0.9998j],
        [ 0.0000+0.0000j,  0.0000+0.0000j,  0.0000+0.0000j,  0.7547+0.6561j],
        [ 0.0000+0.0000j,  0.0000+0.0000j,  0.0000+0.0000j, -0.9488-0.3160j],
        [ 0.0000+0.0000j,  0.0000+0.0000j,  0.0000+0.0000j, -0.9576-0.2882j],
        [ 0.0000+0.0000j,  0.0000+0.0000j,  0.0000+0.0000j,  0.5264+0.8502j],
        [ 0.0000+0.0000j,  0.0000+0.0000j,  0.0000+0.0000j,  0.9999-0.0148j],
        [ 0.0000+0.0000j,  0.0000+0.0000j,  0.0000+0.0000j,  0.6545-0.7561j],
        [ 0.0000+0.0000j,  0.0000+0.0000j,  0.0000+0.0000j, -0.5770-0.8167j],
        [ 0.0000+0.0000j,  0.0000+0.0000j,  0.0000+0.0000j,  0.3683+0.9297j],
        [ 0.0000+0.0000j,  0.0000+0.0000j,  0.0000+0.0000j, -0.5659+0.8244j],
        [ 0.0000+0.0000j,  0.0000+0.0000j,  0.0000+0.0000j,  0.1777-0.9841j],
        [ 0.0000+0.0000j,  0.0000+0.0000j,  0.0000+0.0000j, -0.6112+0.7914j]],
       dtype=torch.complex128, grad_fn=<SelectBackward0>)
F matrix element: tensor([[-0.8480-0.5429j,  0.0000+0.0000j,  0.0000+0.0000j,  0.0000+0.0000j],
        [ 0.6885+0.7340j,  0.0000+0.0000j,  0.0000+0.0000j,  0.0000+0.0000j],
        [ 0.1924-0.9873j,  0.0000+0.0000j,  0.0000+0.0000j,  0.0000+0.0000j],
        [-0.3108+0.9595j,  0.0000+0.0000j,  0.0000+0.0000j,  0.0000+0.0000j],
        [ 0.7085-0.7163j,  0.0000+0.0000j,  0.0000+0.0000j,  0.0000+0.0000j],
        [-0.0680+1.0050j,  0.0000+0.0000j,  0.0000+0.0000j,  0.0000+0.0000j],
        [-0.8232-0.5789j,  0.0000+0.0000j,  0.0000+0.0000j,  0.0000+0.0000j],
        [ 0.5703+0.8279j,  0.0000+0.0000j,  0.0000+0.0000j,  0.0000+0.0000j],
        [-0.4986-0.8744j,  0.0000+0.0000j,  0.0000+0.0000j,  0.0000+0.0000j],
        [ 0.6230-0.7923j,  0.0000+0.0000j,  0.0000+0.0000j,  0.0000+0.0000j],
        [ 0.9513-0.3248j,  0.0000+0.0000j,  0.0000+0.0000j,  0.0000+0.0000j],
        [ 0.9607+0.2933j,  0.0000+0.0000j,  0.0000+0.0000j,  0.0000+0.0000j],
        [-0.9928+0.1624j,  0.0000+0.0000j,  0.0000+0.0000j,  0.0000+0.0000j],
        [ 0.8525+0.5371j,  0.0000+0.0000j,  0.0000+0.0000j,  0.0000+0.0000j],
        [-0.9936-0.1589j,  0.0000+0.0000j,  0.0000+0.0000j,  0.0000+0.0000j],
        [ 0.8958-0.4602j,  0.0000+0.0000j,  0.0000+0.0000j,  0.0000+0.0000j],
        [ 0.0000+0.0000j,  0.8277+0.5589j,  0.0000+0.0000j,  0.0000+0.0000j],
        [ 0.0000+0.0000j,  0.5119-0.8529j,  0.0000+0.0000j,  0.0000+0.0000j],
        [ 0.0000+0.0000j,  0.2962+0.9509j,  0.0000+0.0000j,  0.0000+0.0000j],
        [ 0.0000+0.0000j, -0.5201-0.8481j,  0.0000+0.0000j,  0.0000+0.0000j],
        [ 0.0000+0.0000j, -0.6808+0.7274j,  0.0000+0.0000j,  0.0000+0.0000j],
        [ 0.0000+0.0000j, -0.9301-0.3563j,  0.0000+0.0000j,  0.0000+0.0000j],
        [ 0.0000+0.0000j,  0.9824-0.1802j,  0.0000+0.0000j,  0.0000+0.0000j],
        [ 0.0000+0.0000j,  0.5941-0.8008j,  0.0000+0.0000j,  0.0000+0.0000j],
        [ 0.0000+0.0000j, -0.8927+0.4409j,  0.0000+0.0000j,  0.0000+0.0000j],
        [ 0.0000+0.0000j,  0.9204+0.3861j,  0.0000+0.0000j,  0.0000+0.0000j],
        [ 0.0000+0.0000j,  0.0924+0.9948j,  0.0000+0.0000j,  0.0000+0.0000j],
        [ 0.0000+0.0000j, -0.3559-0.9299j,  0.0000+0.0000j,  0.0000+0.0000j],
        [ 0.0000+0.0000j,  0.9974+0.0692j,  0.0000+0.0000j,  0.0000+0.0000j],
        [ 0.0000+0.0000j, -0.5037-0.8577j,  0.0000+0.0000j,  0.0000+0.0000j],
        [ 0.0000+0.0000j,  0.4333+0.8937j,  0.0000+0.0000j,  0.0000+0.0000j],
        [ 0.0000+0.0000j,  0.9851+0.1581j,  0.0000+0.0000j,  0.0000+0.0000j],
        [ 0.0000+0.0000j,  0.0000+0.0000j, -0.4990+0.8648j,  0.0000+0.0000j],
        [ 0.0000+0.0000j,  0.0000+0.0000j,  0.8574-0.5057j,  0.0000+0.0000j],
        [ 0.0000+0.0000j,  0.0000+0.0000j, -0.9944+0.0919j,  0.0000+0.0000j],
        [ 0.0000+0.0000j,  0.0000+0.0000j,  0.8165-0.5725j,  0.0000+0.0000j],
        [ 0.0000+0.0000j,  0.0000+0.0000j, -0.8871+0.4522j,  0.0000+0.0000j],
        [ 0.0000+0.0000j,  0.0000+0.0000j,  0.4686+0.8788j,  0.0000+0.0000j],
        [ 0.0000+0.0000j,  0.0000+0.0000j, -0.7084-0.7015j,  0.0000+0.0000j],
        [ 0.0000+0.0000j,  0.0000+0.0000j,  0.8512+0.5237j,  0.0000+0.0000j],
        [ 0.0000+0.0000j,  0.0000+0.0000j, -0.9754+0.1998j,  0.0000+0.0000j],
        [ 0.0000+0.0000j,  0.0000+0.0000j,  0.5896-0.8050j,  0.0000+0.0000j],
        [ 0.0000+0.0000j,  0.0000+0.0000j, -0.5929+0.8028j,  0.0000+0.0000j],
        [ 0.0000+0.0000j,  0.0000+0.0000j, -0.6406-0.7681j,  0.0000+0.0000j],
        [ 0.0000+0.0000j,  0.0000+0.0000j, -0.5666+0.8209j,  0.0000+0.0000j],
        [ 0.0000+0.0000j,  0.0000+0.0000j,  0.9694+0.2495j,  0.0000+0.0000j],
        [ 0.0000+0.0000j,  0.0000+0.0000j, -0.8446+0.5297j,  0.0000+0.0000j],
        [ 0.0000+0.0000j,  0.0000+0.0000j,  0.8052-0.5905j,  0.0000+0.0000j],
        [ 0.0000+0.0000j,  0.0000+0.0000j,  0.0000+0.0000j,  0.7895-0.6184j],
        [ 0.0000+0.0000j,  0.0000+0.0000j,  0.0000+0.0000j,  0.2122+0.9803j],
        [ 0.0000+0.0000j,  0.0000+0.0000j,  0.0000+0.0000j, -0.8370-0.5545j],
        [ 0.0000+0.0000j,  0.0000+0.0000j,  0.0000+0.0000j, -0.9961+0.1153j],
        [ 0.0000+0.0000j,  0.0000+0.0000j,  0.0000+0.0000j, -0.0210-1.0024j],
        [ 0.0000+0.0000j,  0.0000+0.0000j,  0.0000+0.0000j,  0.7573+0.6577j],
        [ 0.0000+0.0000j,  0.0000+0.0000j,  0.0000+0.0000j, -0.9518-0.3178j],
        [ 0.0000+0.0000j,  0.0000+0.0000j,  0.0000+0.0000j, -0.9592-0.2886j],
        [ 0.0000+0.0000j,  0.0000+0.0000j,  0.0000+0.0000j,  0.5278+0.8536j],
        [ 0.0000+0.0000j,  0.0000+0.0000j,  0.0000+0.0000j,  1.0003-0.0145j],
        [ 0.0000+0.0000j,  0.0000+0.0000j,  0.0000+0.0000j,  0.6559-0.7572j],
        [ 0.0000+0.0000j,  0.0000+0.0000j,  0.0000+0.0000j, -0.5803-0.8189j],
        [ 0.0000+0.0000j,  0.0000+0.0000j,  0.0000+0.0000j,  0.3663+0.9319j],
        [ 0.0000+0.0000j,  0.0000+0.0000j,  0.0000+0.0000j, -0.5679+0.8280j],
        [ 0.0000+0.0000j,  0.0000+0.0000j,  0.0000+0.0000j,  0.1784-0.9877j],
        [ 0.0000+0.0000j,  0.0000+0.0000j,  0.0000+0.0000j, -0.6125+0.7941j]],
       dtype=torch.complex128, grad_fn=<SelectBackward0>)
F matrix element: tensor([[-0.3016+0.9534j, -0.0000+0.0000j,  0.0000+0.0000j,  0.0000-0.0000j],
        [-0.1368+0.9906j,  0.0000+0.0000j, -0.0000+0.0000j,  0.0000+0.0000j],
        [ 0.7383+0.6745j,  0.0000-0.0000j,  0.0000-0.0000j, -0.0000+0.0000j],
        [-0.5317+0.8469j,  0.0000+0.0000j,  0.0000+0.0000j,  0.0000+0.0000j],
        [-0.1150+0.9934j,  0.0000+0.0000j,  0.0000+0.0000j,  0.0000+0.0000j],
        [ 0.9963+0.0859j, -0.0000+0.0000j, -0.0000+0.0000j,  0.0000+0.0000j],
        [ 0.6567-0.7542j,  0.0000+0.0000j,  0.0000+0.0000j, -0.0000+0.0000j],
        [ 0.8763-0.4818j, -0.0000+0.0000j,  0.0000+0.0000j,  0.0000+0.0000j],
        [ 0.8532+0.5215j,  0.0000-0.0000j,  0.0000-0.0000j, -0.0000+0.0000j],
        [ 0.7499-0.6616j,  0.0000+0.0000j,  0.0000+0.0000j,  0.0000-0.0000j],
        [ 0.5887-0.8084j, -0.0000+0.0000j, -0.0000+0.0000j,  0.0000-0.0000j],
        [ 0.3535+0.9355j,  0.0000-0.0000j,  0.0000-0.0000j,  0.0000+0.0000j],
        [ 0.8732-0.4874j,  0.0000+0.0000j,  0.0000+0.0000j, -0.0000+0.0000j],
        [-0.1098-0.9940j, -0.0000+0.0000j, -0.0000+0.0000j,  0.0000+0.0000j],
        [-0.6624-0.7492j,  0.0000-0.0000j,  0.0000-0.0000j,  0.0000+0.0000j],
        [ 0.5451-0.8384j,  0.0000+0.0000j, -0.0000+0.0000j,  0.0000-0.0000j],
        [ 0.0000+0.0000j, -0.3236+0.9462j, -0.0000+0.0000j, -0.0000+0.0000j],
        [ 0.0000-0.0000j, -0.8817+0.4718j,  0.0000+0.0000j,  0.0000+0.0000j],
        [ 0.0000-0.0000j,  0.2326-0.9726j,  0.0000+0.0000j, -0.0000+0.0000j],
        [-0.0000+0.0000j, -0.5732+0.8194j, -0.0000+0.0000j,  0.0000-0.0000j],
        [ 0.0000-0.0000j,  0.8197+0.5728j,  0.0000+0.0000j,  0.0000+0.0000j],
        [-0.0000+0.0000j, -0.3763-0.9265j, -0.0000+0.0000j,  0.0000+0.0000j],
        [-0.0000+0.0000j,  0.5882+0.8087j, -0.0000+0.0000j, -0.0000+0.0000j],
        [ 0.0000+0.0000j, -0.8924-0.4513j,  0.0000+0.0000j,  0.0000+0.0000j],
        [ 0.0000+0.0000j, -0.1377+0.9905j,  0.0000+0.0000j,  0.0000-0.0000j],
        [-0.0000+0.0000j,  0.9862-0.1653j, -0.0000+0.0000j, -0.0000+0.0000j],
        [ 0.0000+0.0000j, -0.8807+0.4737j,  0.0000+0.0000j,  0.0000-0.0000j],
        [ 0.0000+0.0000j,  0.5619-0.8272j,  0.0000+0.0000j,  0.0000+0.0000j],
        [-0.0000+0.0000j,  0.4257+0.9049j,  0.0000-0.0000j, -0.0000+0.0000j],
        [ 0.0000+0.0000j, -0.8150+0.5794j,  0.0000+0.0000j,  0.0000+0.0000j],
        [ 0.0000+0.0000j, -0.0335-0.9994j,  0.0000+0.0000j, -0.0000+0.0000j],
        [ 0.0000+0.0000j,  0.6790+0.7342j,  0.0000-0.0000j,  0.0000+0.0000j],
        [ 0.0000+0.0000j, -0.0000+0.0000j,  0.9931+0.1173j, -0.0000+0.0000j],
        [ 0.0000+0.0000j,  0.0000-0.0000j, -0.4020+0.9156j,  0.0000+0.0000j],
        [ 0.0000+0.0000j,  0.0000+0.0000j, -0.1972-0.9804j, -0.0000+0.0000j],
        [ 0.0000-0.0000j,  0.0000-0.0000j,  0.5214+0.8533j,  0.0000-0.0000j],
        [ 0.0000-0.0000j,  0.0000+0.0000j, -1.0000-0.0098j,  0.0000+0.0000j],
        [ 0.0000-0.0000j,  0.0000+0.0000j,  0.9271+0.3749j,  0.0000+0.0000j],
        [ 0.0000-0.0000j, -0.0000+0.0000j,  0.9596+0.2813j,  0.0000+0.0000j],
        [ 0.0000-0.0000j,  0.0000+0.0000j, -0.9449-0.3273j,  0.0000-0.0000j],
        [ 0.0000+0.0000j, -0.0000+0.0000j, -0.8912-0.4536j,  0.0000+0.0000j],
        [-0.0000+0.0000j,  0.0000+0.0000j, -0.6105+0.7920j, -0.0000+0.0000j],
        [ 0.0000-0.0000j,  0.0000-0.0000j,  0.8576-0.5143j,  0.0000-0.0000j],
        [-0.0000+0.0000j,  0.0000+0.0000j, -0.9208+0.3900j,  0.0000+0.0000j],
        [-0.0000+0.0000j,  0.0000+0.0000j,  0.9731-0.2303j,  0.0000-0.0000j],
        [-0.0000+0.0000j, -0.0000+0.0000j, -0.7605+0.6493j,  0.0000+0.0000j],
        [ 0.0000-0.0000j,  0.0000+0.0000j, -0.7622-0.6473j,  0.0000-0.0000j],
        [-0.0000+0.0000j, -0.0000+0.0000j,  0.1808+0.9835j,  0.0000+0.0000j],
        [ 0.0000+0.0000j,  0.0000-0.0000j,  0.0000+0.0000j, -0.9886+0.1506j],
        [ 0.0000+0.0000j,  0.0000+0.0000j,  0.0000+0.0000j,  0.2436-0.9699j],
        [-0.0000+0.0000j,  0.0000+0.0000j, -0.0000+0.0000j,  0.2372+0.9715j],
        [ 0.0000+0.0000j,  0.0000-0.0000j, -0.0000+0.0000j,  0.7133-0.7009j],
        [ 0.0000+0.0000j,  0.0000+0.0000j,  0.0000+0.0000j,  0.0082+1.0000j],
        [ 0.0000+0.0000j,  0.0000+0.0000j, -0.0000+0.0000j,  0.3918-0.9200j],
        [ 0.0000-0.0000j,  0.0000-0.0000j,  0.0000+0.0000j,  0.3739+0.9275j],
        [ 0.0000+0.0000j,  0.0000+0.0000j,  0.0000+0.0000j, -0.8095-0.5871j],
        [ 0.0000+0.0000j,  0.0000+0.0000j,  0.0000-0.0000j,  0.7866-0.6175j],
        [ 0.0000+0.0000j, -0.0000+0.0000j,  0.0000+0.0000j, -0.9701+0.2426j],
        [-0.0000+0.0000j,  0.0000-0.0000j,  0.0000+0.0000j, -0.9023+0.4311j],
        [ 0.0000+0.0000j,  0.0000-0.0000j,  0.0000-0.0000j, -0.5615-0.8275j],
        [ 0.0000-0.0000j,  0.0000+0.0000j,  0.0000+0.0000j,  0.9772+0.2121j],
        [ 0.0000-0.0000j,  0.0000-0.0000j, -0.0000+0.0000j, -0.9559+0.2937j],
        [-0.0000+0.0000j,  0.0000+0.0000j,  0.0000+0.0000j,  0.1909-0.9816j],
        [ 0.0000+0.0000j, -0.0000+0.0000j,  0.0000+0.0000j, -0.9579-0.2871j]],
       dtype=torch.complex128)
F matrix element: tensor([[-0.3021+0.9555j,  0.0000+0.0000j,  0.0000+0.0000j,  0.0000+0.0000j],
        [-0.1372+0.9929j,  0.0000+0.0000j,  0.0000+0.0000j,  0.0000+0.0000j],
        [ 0.7392+0.6751j,  0.0000+0.0000j,  0.0000+0.0000j, -0.0000+0.0000j],
        [-0.5320+0.8491j,  0.0000+0.0000j,  0.0000+0.0000j,  0.0000+0.0000j],
        [-0.1152+0.9964j,  0.0000+0.0000j,  0.0000+0.0000j,  0.0000+0.0000j],
        [ 0.9970+0.0858j, -0.0000+0.0000j,  0.0000+0.0000j,  0.0000+0.0000j],
        [ 0.6582-0.7542j,  0.0000+0.0000j,  0.0000+0.0000j, -0.0000+0.0000j],
        [ 0.8767-0.4817j,  0.0000+0.0000j,  0.0000+0.0000j,  0.0000+0.0000j],
        [ 0.8561+0.5226j,  0.0000+0.0000j,  0.0000+0.0000j, -0.0000+0.0000j],
        [ 0.7537-0.6629j,  0.0000+0.0000j,  0.0000+0.0000j,  0.0000+0.0000j],
        [ 0.5888-0.8106j, -0.0000+0.0000j, -0.0000+0.0000j,  0.0000+0.0000j],
        [ 0.3555+0.9359j,  0.0000+0.0000j,  0.0000+0.0000j,  0.0000+0.0000j],
        [ 0.8755-0.4877j,  0.0000+0.0000j,  0.0000+0.0000j, -0.0000+0.0000j],
        [-0.1090-0.9949j,  0.0000+0.0000j, -0.0000+0.0000j,  0.0000+0.0000j],
        [-0.6645-0.7519j,  0.0000+0.0000j,  0.0000+0.0000j,  0.0000+0.0000j],
        [ 0.5471-0.8390j,  0.0000+0.0000j, -0.0000+0.0000j,  0.0000+0.0000j],
        [ 0.0000+0.0000j, -0.3275+0.9516j, -0.0000+0.0000j, -0.0000+0.0000j],
        [ 0.0000+0.0000j, -0.8861+0.4756j,  0.0000+0.0000j,  0.0000+0.0000j],
        [ 0.0000+0.0000j,  0.2334-0.9786j,  0.0000+0.0000j,  0.0000+0.0000j],
        [ 0.0000+0.0000j, -0.5771+0.8244j,  0.0000+0.0000j,  0.0000+0.0000j],
        [ 0.0000+0.0000j,  0.8258+0.5766j,  0.0000+0.0000j,  0.0000+0.0000j],
        [-0.0000+0.0000j, -0.3808-0.9314j,  0.0000+0.0000j,  0.0000+0.0000j],
        [ 0.0000+0.0000j,  0.5923+0.8146j,  0.0000+0.0000j,  0.0000+0.0000j],
        [ 0.0000+0.0000j, -0.8979-0.4540j,  0.0000+0.0000j,  0.0000+0.0000j],
        [ 0.0000+0.0000j, -0.1380+0.9971j,  0.0000+0.0000j,  0.0000+0.0000j],
        [ 0.0000+0.0000j,  0.9916-0.1666j,  0.0000+0.0000j, -0.0000+0.0000j],
        [ 0.0000+0.0000j, -0.8871+0.4762j,  0.0000+0.0000j,  0.0000+0.0000j],
        [ 0.0000+0.0000j,  0.5665-0.8309j,  0.0000+0.0000j,  0.0000+0.0000j],
        [ 0.0000+0.0000j,  0.4272+0.9100j,  0.0000+0.0000j, -0.0000+0.0000j],
        [ 0.0000+0.0000j, -0.8186+0.5839j,  0.0000+0.0000j,  0.0000+0.0000j],
        [ 0.0000+0.0000j, -0.0352-1.0065j,  0.0000+0.0000j,  0.0000+0.0000j],
        [ 0.0000+0.0000j,  0.6834+0.7399j,  0.0000+0.0000j,  0.0000+0.0000j],
        [ 0.0000+0.0000j,  0.0000+0.0000j,  0.9882+0.1183j, -0.0000+0.0000j],
        [ 0.0000+0.0000j,  0.0000+0.0000j, -0.4013+0.9112j,  0.0000+0.0000j],
        [ 0.0000+0.0000j,  0.0000+0.0000j, -0.2004-0.9752j, -0.0000+0.0000j],
        [ 0.0000+0.0000j,  0.0000+0.0000j,  0.5211+0.8513j,  0.0000+0.0000j],
        [ 0.0000+0.0000j,  0.0000+0.0000j, -0.9981-0.0095j,  0.0000+0.0000j],
        [ 0.0000+0.0000j,  0.0000+0.0000j,  0.9261+0.3733j,  0.0000+0.0000j],
        [ 0.0000+0.0000j, -0.0000+0.0000j,  0.9562+0.2830j,  0.0000+0.0000j],
        [ 0.0000+0.0000j,  0.0000+0.0000j, -0.9419-0.3239j,  0.0000+0.0000j],
        [ 0.0000+0.0000j,  0.0000+0.0000j, -0.8885-0.4531j,  0.0000+0.0000j],
        [-0.0000+0.0000j,  0.0000+0.0000j, -0.6096+0.7911j,  0.0000+0.0000j],
        [ 0.0000+0.0000j,  0.0000+0.0000j,  0.8554-0.5128j,  0.0000+0.0000j],
        [-0.0000+0.0000j,  0.0000+0.0000j, -0.9159+0.3880j,  0.0000+0.0000j],
        [ 0.0000+0.0000j,  0.0000+0.0000j,  0.9715-0.2301j,  0.0000+0.0000j],
        [-0.0000+0.0000j, -0.0000+0.0000j, -0.7591+0.6455j,  0.0000+0.0000j],
        [ 0.0000+0.0000j,  0.0000+0.0000j, -0.7601-0.6447j,  0.0000+0.0000j],
        [-0.0000+0.0000j, -0.0000+0.0000j,  0.1803+0.9792j,  0.0000+0.0000j],
        [ 0.0000+0.0000j,  0.0000+0.0000j,  0.0000+0.0000j, -0.9912+0.1523j],
        [ 0.0000+0.0000j,  0.0000+0.0000j,  0.0000+0.0000j,  0.2442-0.9688j],
        [-0.0000+0.0000j,  0.0000+0.0000j,  0.0000+0.0000j,  0.2349+0.9707j],
        [ 0.0000+0.0000j,  0.0000+0.0000j,  0.0000+0.0000j,  0.7113-0.6984j],
        [ 0.0000+0.0000j,  0.0000+0.0000j,  0.0000+0.0000j,  0.0078+0.9982j],
        [ 0.0000+0.0000j,  0.0000+0.0000j, -0.0000+0.0000j,  0.3926-0.9191j],
        [ 0.0000+0.0000j,  0.0000+0.0000j,  0.0000+0.0000j,  0.3725+0.9257j],
        [ 0.0000+0.0000j,  0.0000+0.0000j,  0.0000+0.0000j, -0.8103-0.5851j],
        [ 0.0000+0.0000j,  0.0000+0.0000j,  0.0000+0.0000j,  0.7877-0.6159j],
        [ 0.0000+0.0000j, -0.0000+0.0000j,  0.0000+0.0000j, -0.9701+0.2427j],
        [ 0.0000+0.0000j,  0.0000+0.0000j,  0.0000+0.0000j, -0.9005+0.4298j],
        [ 0.0000+0.0000j,  0.0000+0.0000j,  0.0000+0.0000j, -0.5607-0.8252j],
        [ 0.0000+0.0000j,  0.0000+0.0000j,  0.0000+0.0000j,  0.9774+0.2120j],
        [ 0.0000+0.0000j,  0.0000+0.0000j,  0.0000+0.0000j, -0.9550+0.2939j],
        [-0.0000+0.0000j,  0.0000+0.0000j,  0.0000+0.0000j,  0.1896-0.9815j],
        [ 0.0000+0.0000j, -0.0000+0.0000j,  0.0000+0.0000j, -0.9557-0.2871j]],
       dtype=torch.complex128, grad_fn=<SelectBackward0>)
F matrix element: tensor([[-0.3015+0.9535j,  0.0000+0.0000j,  0.0000+0.0000j,  0.0000+0.0000j],
        [-0.1370+0.9906j,  0.0000+0.0000j,  0.0000+0.0000j,  0.0000+0.0000j],
        [ 0.7386+0.6742j,  0.0000+0.0000j,  0.0000+0.0000j,  0.0000+0.0000j],
        [-0.5302+0.8479j,  0.0000+0.0000j,  0.0000+0.0000j,  0.0000+0.0000j],
        [-0.1146+0.9934j,  0.0000+0.0000j,  0.0000+0.0000j,  0.0000+0.0000j],
        [ 0.9963+0.0857j,  0.0000+0.0000j,  0.0000+0.0000j,  0.0000+0.0000j],
        [ 0.6584-0.7527j,  0.0000+0.0000j,  0.0000+0.0000j,  0.0000+0.0000j],
        [ 0.8765-0.4814j,  0.0000+0.0000j,  0.0000+0.0000j,  0.0000+0.0000j],
        [ 0.8538+0.5205j,  0.0000+0.0000j,  0.0000+0.0000j,  0.0000+0.0000j],
        [ 0.7519-0.6592j,  0.0000+0.0000j,  0.0000+0.0000j,  0.0000+0.0000j],
        [ 0.5866-0.8098j,  0.0000+0.0000j,  0.0000+0.0000j,  0.0000+0.0000j],
        [ 0.3567+0.9342j,  0.0000+0.0000j,  0.0000+0.0000j,  0.0000+0.0000j],
        [ 0.8741-0.4858j,  0.0000+0.0000j,  0.0000+0.0000j,  0.0000+0.0000j],
        [-0.1081-0.9941j,  0.0000+0.0000j,  0.0000+0.0000j,  0.0000+0.0000j],
        [-0.6621-0.7494j,  0.0000+0.0000j,  0.0000+0.0000j,  0.0000+0.0000j],
        [ 0.5473-0.8370j,  0.0000+0.0000j,  0.0000+0.0000j,  0.0000+0.0000j],
        [ 0.0000+0.0000j, -0.3273+0.9449j,  0.0000+0.0000j,  0.0000+0.0000j],
        [ 0.0000+0.0000j, -0.8805+0.4741j,  0.0000+0.0000j,  0.0000+0.0000j],
        [ 0.0000+0.0000j,  0.2313-0.9729j,  0.0000+0.0000j,  0.0000+0.0000j],
        [ 0.0000+0.0000j, -0.5737+0.8191j,  0.0000+0.0000j,  0.0000+0.0000j],
        [ 0.0000+0.0000j,  0.8202+0.5721j,  0.0000+0.0000j,  0.0000+0.0000j],
        [ 0.0000+0.0000j, -0.3805-0.9248j,  0.0000+0.0000j,  0.0000+0.0000j],
        [ 0.0000+0.0000j,  0.5879+0.8089j,  0.0000+0.0000j,  0.0000+0.0000j],
        [ 0.0000+0.0000j, -0.8924-0.4513j,  0.0000+0.0000j,  0.0000+0.0000j],
        [ 0.0000+0.0000j, -0.1364+0.9907j,  0.0000+0.0000j,  0.0000+0.0000j],
        [ 0.0000+0.0000j,  0.9861-0.1662j,  0.0000+0.0000j,  0.0000+0.0000j],
        [ 0.0000+0.0000j, -0.8814+0.4723j,  0.0000+0.0000j,  0.0000+0.0000j],
        [ 0.0000+0.0000j,  0.5648-0.8252j,  0.0000+0.0000j,  0.0000+0.0000j],
        [ 0.0000+0.0000j,  0.4241+0.9056j,  0.0000+0.0000j,  0.0000+0.0000j],
        [ 0.0000+0.0000j, -0.8132+0.5820j,  0.0000+0.0000j,  0.0000+0.0000j],
        [ 0.0000+0.0000j, -0.0365-0.9993j,  0.0000+0.0000j,  0.0000+0.0000j],
        [ 0.0000+0.0000j,  0.6781+0.7350j,  0.0000+0.0000j,  0.0000+0.0000j],
        [ 0.0000+0.0000j,  0.0000+0.0000j,  0.9927+0.1206j,  0.0000+0.0000j],
        [ 0.0000+0.0000j,  0.0000+0.0000j, -0.4041+0.9147j,  0.0000+0.0000j],
        [ 0.0000+0.0000j,  0.0000+0.0000j, -0.2054-0.9787j,  0.0000+0.0000j],
        [ 0.0000+0.0000j,  0.0000+0.0000j,  0.5228+0.8524j,  0.0000+0.0000j],
        [ 0.0000+0.0000j,  0.0000+0.0000j, -1.0000-0.0092j,  0.0000+0.0000j],
        [ 0.0000+0.0000j,  0.0000+0.0000j,  0.9279+0.3729j,  0.0000+0.0000j],
        [ 0.0000+0.0000j,  0.0000+0.0000j,  0.9581+0.2864j,  0.0000+0.0000j],
        [ 0.0000+0.0000j,  0.0000+0.0000j, -0.9464-0.3229j,  0.0000+0.0000j],
        [ 0.0000+0.0000j,  0.0000+0.0000j, -0.8905-0.4550j,  0.0000+0.0000j],
        [ 0.0000+0.0000j,  0.0000+0.0000j, -0.6102+0.7922j,  0.0000+0.0000j],
        [ 0.0000+0.0000j,  0.0000+0.0000j,  0.8578-0.5141j,  0.0000+0.0000j],
        [ 0.0000+0.0000j,  0.0000+0.0000j, -0.9208+0.3901j,  0.0000+0.0000j],
        [ 0.0000+0.0000j,  0.0000+0.0000j,  0.9730-0.2306j,  0.0000+0.0000j],
        [ 0.0000+0.0000j,  0.0000+0.0000j, -0.7631+0.6463j,  0.0000+0.0000j],
        [ 0.0000+0.0000j,  0.0000+0.0000j, -0.7630-0.6464j,  0.0000+0.0000j],
        [ 0.0000+0.0000j,  0.0000+0.0000j,  0.1815+0.9834j,  0.0000+0.0000j],
        [ 0.0000+0.0000j,  0.0000+0.0000j,  0.0000+0.0000j, -0.9882+0.1532j],
        [ 0.0000+0.0000j,  0.0000+0.0000j,  0.0000+0.0000j,  0.2454-0.9694j],
        [ 0.0000+0.0000j,  0.0000+0.0000j,  0.0000+0.0000j,  0.2333+0.9724j],
        [ 0.0000+0.0000j,  0.0000+0.0000j,  0.0000+0.0000j,  0.7138-0.7003j],
        [ 0.0000+0.0000j,  0.0000+0.0000j,  0.0000+0.0000j,  0.0074+1.0000j],
        [ 0.0000+0.0000j,  0.0000+0.0000j,  0.0000+0.0000j,  0.3939-0.9191j],
        [ 0.0000+0.0000j,  0.0000+0.0000j,  0.0000+0.0000j,  0.3727+0.9280j],
        [ 0.0000+0.0000j,  0.0000+0.0000j,  0.0000+0.0000j, -0.8119-0.5838j],
        [ 0.0000+0.0000j,  0.0000+0.0000j,  0.0000+0.0000j,  0.7890-0.6144j],
        [ 0.0000+0.0000j,  0.0000+0.0000j,  0.0000+0.0000j, -0.9701+0.2429j],
        [ 0.0000+0.0000j,  0.0000+0.0000j,  0.0000+0.0000j, -0.9027+0.4303j],
        [ 0.0000+0.0000j,  0.0000+0.0000j,  0.0000+0.0000j, -0.5625-0.8268j],
        [ 0.0000+0.0000j,  0.0000+0.0000j,  0.0000+0.0000j,  0.9773+0.2118j],
        [ 0.0000+0.0000j,  0.0000+0.0000j,  0.0000+0.0000j, -0.9557+0.2945j],
        [ 0.0000+0.0000j,  0.0000+0.0000j,  0.0000+0.0000j,  0.1885-0.9821j],
        [ 0.0000+0.0000j,  0.0000+0.0000j,  0.0000+0.0000j, -0.9576-0.2882j]],
       dtype=torch.complex128, grad_fn=<SelectBackward0>)
F matrix element: tensor([[-0.3021+0.9552j,  0.0000+0.0000j,  0.0000+0.0000j,  0.0000+0.0000j],
        [-0.1374+0.9924j,  0.0000+0.0000j,  0.0000+0.0000j,  0.0000+0.0000j],
        [ 0.7392+0.6747j,  0.0000+0.0000j,  0.0000+0.0000j,  0.0000+0.0000j],
        [-0.5303+0.8498j,  0.0000+0.0000j,  0.0000+0.0000j,  0.0000+0.0000j],
        [-0.1148+0.9962j,  0.0000+0.0000j,  0.0000+0.0000j,  0.0000+0.0000j],
        [ 0.9967+0.0856j,  0.0000+0.0000j,  0.0000+0.0000j,  0.0000+0.0000j],
        [ 0.6597-0.7523j,  0.0000+0.0000j,  0.0000+0.0000j,  0.0000+0.0000j],
        [ 0.8766-0.4814j,  0.0000+0.0000j,  0.0000+0.0000j,  0.0000+0.0000j],
        [ 0.8566+0.5216j,  0.0000+0.0000j,  0.0000+0.0000j,  0.0000+0.0000j],
        [ 0.7555-0.6603j,  0.0000+0.0000j,  0.0000+0.0000j,  0.0000+0.0000j],
        [ 0.5865-0.8118j,  0.0000+0.0000j,  0.0000+0.0000j,  0.0000+0.0000j],
        [ 0.3587+0.9343j,  0.0000+0.0000j,  0.0000+0.0000j,  0.0000+0.0000j],
        [ 0.8762-0.4857j,  0.0000+0.0000j,  0.0000+0.0000j,  0.0000+0.0000j],
        [-0.1074-0.9949j,  0.0000+0.0000j,  0.0000+0.0000j,  0.0000+0.0000j],
        [-0.6639-0.7519j,  0.0000+0.0000j,  0.0000+0.0000j,  0.0000+0.0000j],
        [ 0.5491-0.8374j,  0.0000+0.0000j,  0.0000+0.0000j,  0.0000+0.0000j],
        [ 0.0000+0.0000j, -0.3312+0.9499j,  0.0000+0.0000j,  0.0000+0.0000j],
        [ 0.0000+0.0000j, -0.8846+0.4777j,  0.0000+0.0000j,  0.0000+0.0000j],
        [ 0.0000+0.0000j,  0.2319-0.9786j,  0.0000+0.0000j,  0.0000+0.0000j],
        [ 0.0000+0.0000j, -0.5773+0.8238j,  0.0000+0.0000j,  0.0000+0.0000j],
        [ 0.0000+0.0000j,  0.8260+0.5757j,  0.0000+0.0000j,  0.0000+0.0000j],
        [ 0.0000+0.0000j, -0.3850-0.9294j,  0.0000+0.0000j,  0.0000+0.0000j],
        [ 0.0000+0.0000j,  0.5917+0.8147j,  0.0000+0.0000j,  0.0000+0.0000j],
        [ 0.0000+0.0000j, -0.8975-0.4538j,  0.0000+0.0000j,  0.0000+0.0000j],
        [ 0.0000+0.0000j, -0.1366+0.9970j,  0.0000+0.0000j,  0.0000+0.0000j],
        [ 0.0000+0.0000j,  0.9910-0.1674j,  0.0000+0.0000j,  0.0000+0.0000j],
        [ 0.0000+0.0000j, -0.8875+0.4747j,  0.0000+0.0000j,  0.0000+0.0000j],
        [ 0.0000+0.0000j,  0.5693-0.8285j,  0.0000+0.0000j,  0.0000+0.0000j],
        [ 0.0000+0.0000j,  0.4254+0.9104j,  0.0000+0.0000j,  0.0000+0.0000j],
        [ 0.0000+0.0000j, -0.8164+0.5864j,  0.0000+0.0000j,  0.0000+0.0000j],
        [ 0.0000+0.0000j, -0.0383-1.0061j,  0.0000+0.0000j,  0.0000+0.0000j],
        [ 0.0000+0.0000j,  0.6824+0.7404j,  0.0000+0.0000j,  0.0000+0.0000j],
        [ 0.0000+0.0000j,  0.0000+0.0000j,  0.9881+0.1217j,  0.0000+0.0000j],
        [ 0.0000+0.0000j,  0.0000+0.0000j, -0.4036+0.9104j,  0.0000+0.0000j],
        [ 0.0000+0.0000j,  0.0000+0.0000j, -0.2086-0.9738j,  0.0000+0.0000j],
        [ 0.0000+0.0000j,  0.0000+0.0000j,  0.5226+0.8507j,  0.0000+0.0000j],
        [ 0.0000+0.0000j,  0.0000+0.0000j, -0.9984-0.0090j,  0.0000+0.0000j],
        [ 0.0000+0.0000j,  0.0000+0.0000j,  0.9273+0.3715j,  0.0000+0.0000j],
        [ 0.0000+0.0000j,  0.0000+0.0000j,  0.9549+0.2882j,  0.0000+0.0000j],
        [ 0.0000+0.0000j,  0.0000+0.0000j, -0.9438-0.3196j,  0.0000+0.0000j],
        [ 0.0000+0.0000j,  0.0000+0.0000j, -0.8880-0.4547j,  0.0000+0.0000j],
        [ 0.0000+0.0000j,  0.0000+0.0000j, -0.6095+0.7917j,  0.0000+0.0000j],
        [ 0.0000+0.0000j,  0.0000+0.0000j,  0.8557-0.5129j,  0.0000+0.0000j],
        [ 0.0000+0.0000j,  0.0000+0.0000j, -0.9160+0.3883j,  0.0000+0.0000j],
        [ 0.0000+0.0000j,  0.0000+0.0000j,  0.9718-0.2304j,  0.0000+0.0000j],
        [ 0.0000+0.0000j,  0.0000+0.0000j, -0.7619+0.6427j,  0.0000+0.0000j],
        [ 0.0000+0.0000j,  0.0000+0.0000j, -0.7611-0.6440j,  0.0000+0.0000j],
        [ 0.0000+0.0000j,  0.0000+0.0000j,  0.1811+0.9793j,  0.0000+0.0000j],
        [ 0.0000+0.0000j,  0.0000+0.0000j,  0.0000+0.0000j, -0.9907+0.1550j],
        [ 0.0000+0.0000j,  0.0000+0.0000j,  0.0000+0.0000j,  0.2461-0.9681j],
        [ 0.0000+0.0000j,  0.0000+0.0000j,  0.0000+0.0000j,  0.2309+0.9715j],
        [ 0.0000+0.0000j,  0.0000+0.0000j,  0.0000+0.0000j,  0.7119-0.6977j],
        [ 0.0000+0.0000j,  0.0000+0.0000j,  0.0000+0.0000j,  0.0071+0.9981j],
        [ 0.0000+0.0000j,  0.0000+0.0000j,  0.0000+0.0000j,  0.3947-0.9180j],
        [ 0.0000+0.0000j,  0.0000+0.0000j,  0.0000+0.0000j,  0.3713+0.9261j],
        [ 0.0000+0.0000j,  0.0000+0.0000j,  0.0000+0.0000j, -0.8126-0.5817j],
        [ 0.0000+0.0000j,  0.0000+0.0000j,  0.0000+0.0000j,  0.7902-0.6128j],
        [ 0.0000+0.0000j,  0.0000+0.0000j,  0.0000+0.0000j, -0.9699+0.2429j],
        [ 0.0000+0.0000j,  0.0000+0.0000j,  0.0000+0.0000j, -0.9008+0.4289j],
        [ 0.0000+0.0000j,  0.0000+0.0000j,  0.0000+0.0000j, -0.5616-0.8244j],
        [ 0.0000+0.0000j,  0.0000+0.0000j,  0.0000+0.0000j,  0.9774+0.2116j],
        [ 0.0000+0.0000j,  0.0000+0.0000j,  0.0000+0.0000j, -0.9547+0.2946j],
        [ 0.0000+0.0000j,  0.0000+0.0000j,  0.0000+0.0000j,  0.1871-0.9819j],
        [ 0.0000+0.0000j,  0.0000+0.0000j,  0.0000+0.0000j, -0.9552-0.2882j]],
       dtype=torch.complex128, grad_fn=<SelectBackward0>)
